<?xml version="1.0" encoding="UTF-8"?>
<!-- Generated by org.testng.reporters.JUnitReportReporter -->
<testsuite skipped="0" hostname="santosh-PC" name="DriverFactory.DataDriven" tests="1" failures="0" timestamp="24 Jun 2020 02:15:59 GMT" time="143.514" errors="0">
  <testcase name="supplierCreation" time="143.514" classname="DriverFactory.DataDriven"/>
</testsuite> <!-- DriverFactory.DataDriven -->
