<?xml version="1.0" encoding="UTF-8"?>
<!-- Generated by org.testng.reporters.JUnitReportReporter -->
<testsuite hostname="santosh-PC" name="DriverFactory.AppTest" tests="1" failures="0" timestamp="25 Jun 2020 14:47:33 GMT" time="30.108" errors="0">
  <testcase name="kickStart" time="30.108" classname="DriverFactory.AppTest"/>
</testsuite> <!-- DriverFactory.AppTest -->
